C:\Program Files (x86)\Microsoft Visual Studio\2017\Professional\Common7\IDE\VC\VCTargets\Microsoft.CppBuild.targets(391,5): warning MSB8028: 中繼目錄 (Debug\) 包含從其他專案 (HellowordOpenCL.vcxproj) 共用的檔案。這可能導致錯誤的清除和重建行為。
  Preprocessing: device.cl
  Using build options:  -I "C:\Users\User\source\repos\HellowordOpenCL\HellowordOpenCL"
  Setting target instruction set architecture to: Default (Intel(R) Advanced Vector Extensions 2 (Intel(R) AVX2))
  Platform name: Intel(R) OpenCL
  Device name: Intel(R) Core(TM) i5-7300HQ CPU @ 2.50GHz
  Device version: OpenCL 2.1 (Build 611)
  Device vendor: Intel(R) Corporation
  Device profile: FULL_PROFILE
  Compilation started
  Compilation done
  Linking started
  Linking done
  Device build started
  Device build done
  Kernel <HelloWorld> was successfully vectorized (8)
  Done.
  HelloWorld info:
  	Maximum work-group size: 8192
  	Compiler work-group size: (0, 0, 0)
  	Local memory size: 0
  	Preferred multiple of work-group size: 128
  	Minimum amount of private memory: 0
  
  Build succeeded!
  
  host.cpp
c:\program files (x86)\intelswtools\opencl\sdk\include\cl\cl.hpp(4645): warning C4996: 'clCreateSampler': 宣告為已被取代
  c:\program files (x86)\intelswtools\opencl\sdk\include\cl\cl.h(1435): note: 請參閱 'clCreateSampler' 的宣告
c:\program files (x86)\intelswtools\opencl\sdk\include\cl\cl.hpp(5505): warning C4996: 'clCreateCommandQueue': 宣告為已被取代
  c:\program files (x86)\intelswtools\opencl\sdk\include\cl\cl.h(1428): note: 請參閱 'clCreateCommandQueue' 的宣告
c:\program files (x86)\intelswtools\opencl\sdk\include\cl\cl.hpp(5536): warning C4996: 'clCreateCommandQueue': 宣告為已被取代
  c:\program files (x86)\intelswtools\opencl\sdk\include\cl\cl.h(1428): note: 請參閱 'clCreateCommandQueue' 的宣告
c:\program files (x86)\intelswtools\opencl\sdk\include\cl\cl.hpp(5553): warning C4996: 'clCreateCommandQueue': 宣告為已被取代
  c:\program files (x86)\intelswtools\opencl\sdk\include\cl\cl.h(1428): note: 請參閱 'clCreateCommandQueue' 的宣告
c:\program files (x86)\intelswtools\opencl\sdk\include\cl\cl.hpp(6357): warning C4996: 'clEnqueueTask': 宣告為已被取代
  c:\program files (x86)\intelswtools\opencl\sdk\include\cl\cl.h(1442): note: 請參閱 'clEnqueueTask' 的宣告
  HellowordOpenCL.vcxproj -> C:\Users\User\source\repos\HellowordOpenCL\Debug\HelloworldOpenCL.exe
  device.cl
  複製了         1 個檔案。
